<?xml version="1.0" encoding="UTF-8"?>
<testng-results ignored="4" total="10" passed="6" failed="0" skipped="0">
  <reporter-output>
  </reporter-output>
  <suite started-at="2020-04-08T18:26:03 IST" name="Suite" finished-at="2020-04-08T18:26:39 IST" duration-ms="36196">
    <groups>
    </groups>
    <test started-at="2020-04-08T18:26:03 IST" name="Test" finished-at="2020-04-08T18:26:39 IST" duration-ms="36196">
      <class name="testcases.Login">
        <test-method is-config="true" signature="setUp()[pri:0, instance:testcases.Login@1a0dcaa]" started-at="2020-04-08T18:25:43 IST" name="setUp" finished-at="2020-04-08T18:26:03 IST" duration-ms="19763" status="PASS">
          <reporter-output>
          </reporter-output>
        </test-method> <!-- setUp -->
        <test-method signature="invalidLogin()[pri:0, instance:testcases.Login@1a0dcaa]" started-at="2020-04-08T18:26:03 IST" name="invalidLogin" finished-at="2020-04-08T18:26:07 IST" duration-ms="4420" status="PASS">
          <reporter-output>
          </reporter-output>
        </test-method> <!-- invalidLogin -->
        <test-method signature="validLogin()[pri:0, instance:testcases.Login@1a0dcaa]" started-at="2020-04-08T18:26:07 IST" name="validLogin" finished-at="2020-04-08T18:26:11 IST" duration-ms="4241" status="PASS">
          <reporter-output>
          </reporter-output>
        </test-method> <!-- validLogin -->
        <test-method is-config="true" signature="tearDown()[pri:0, instance:testcases.Login@1a0dcaa]" started-at="2020-04-08T18:26:39 IST" name="tearDown" finished-at="2020-04-08T18:26:39 IST" duration-ms="159" status="PASS">
          <reporter-output>
          </reporter-output>
        </test-method> <!-- tearDown -->
      </class> <!-- testcases.Login -->
      <class name="testcases.Order">
        <test-method signature="addItemsToCart()[pri:0, instance:testcases.Order@fdefd3f]" started-at="2020-04-08T18:26:25 IST" name="addItemsToCart" finished-at="2020-04-08T18:26:38 IST" duration-ms="12602" status="PASS">
          <reporter-output>
          </reporter-output>
        </test-method> <!-- addItemsToCart -->
        <test-method signature="emptyCart()[pri:0, instance:testcases.Order@fdefd3f]" started-at="2020-04-08T18:26:38 IST" name="emptyCart" finished-at="2020-04-08T18:26:39 IST" duration-ms="984" status="PASS">
          <reporter-output>
          </reporter-output>
        </test-method> <!-- emptyCart -->
      </class> <!-- testcases.Order -->
      <class name="testcases.WishList">
        <test-method signature="addItemToWishList()[pri:0, instance:testcases.WishList@3bd40a57]" started-at="2020-04-08T18:26:11 IST" name="addItemToWishList" finished-at="2020-04-08T18:26:24 IST" duration-ms="13041" status="PASS">
          <reporter-output>
          </reporter-output>
        </test-method> <!-- addItemToWishList -->
        <test-method signature="removeItemFromWishList()[pri:0, instance:testcases.WishList@3bd40a57]" started-at="2020-04-08T18:26:24 IST" name="removeItemFromWishList" finished-at="2020-04-08T18:26:25 IST" duration-ms="835" status="PASS">
          <reporter-output>
          </reporter-output>
        </test-method> <!-- removeItemFromWishList -->
      </class> <!-- testcases.WishList -->
    </test> <!-- Test -->
  </suite> <!-- Suite -->
</testng-results>
