<?xml version="1.0" encoding="UTF-8"?>
<!-- Generated by org.testng.reporters.JUnitXMLReporter -->
<testsuite ignored="4" hostname="msingh-Vostro-3559" failures="0" tests="6" name="Test" time="36.196" errors="0" timestamp="2020-04-08T18:26:39 IST">
  <testcase classname="testcases.Login" name="invalidLogin" time="4.42"/>
  <testcase classname="testcases.Login" name="validLogin" time="4.241"/>
  <testcase classname="testcases.WishList" name="addItemToWishList" time="13.041"/>
  <testcase classname="testcases.WishList" name="removeItemFromWishList" time="0.835"/>
  <testcase classname="testcases.Order" name="addItemsToCart" time="12.602"/>
  <testcase classname="testcases.Order" name="emptyCart" time="0.984"/>
  <testcase classname="base.BaseTest" name="@BeforeSuite setUp" time="0.0">
    <ignored/>
  </testcase> <!-- @BeforeSuite setUp -->
  <testcase classname="base.BaseTest" name="@BeforeSuite setUp" time="0.0">
    <ignored/>
  </testcase> <!-- @BeforeSuite setUp -->
  <testcase classname="base.BaseTest" name="@AfterSuite tearDown" time="0.0">
    <ignored/>
  </testcase> <!-- @AfterSuite tearDown -->
  <testcase classname="base.BaseTest" name="@AfterSuite tearDown" time="0.0">
    <ignored/>
  </testcase> <!-- @AfterSuite tearDown -->
</testsuite> <!-- Test -->
